<?xml version="1.0" encoding="UTF-8"?>
<testsuites>
    <testsuite name="ConfigInc" tests="2" failures="0" errors="0" skipped="" time="0.121141" timestamp="">
        <testcase classname="ConfigInc" name="testPHP_debug_exception_handler" time="0.105187" assertions="1"/>
        <testcase classname="ConfigInc" name="testPHP_release_exception_handler" time="0.015954" assertions="1"/>
    </testsuite>
    <testsuite name="CheckedFieldTest" tests="7" failures="0" errors="0" skipped="" time="0.162852" timestamp="">
        <testcase classname="CheckedFieldTest" name="testInvalidRegExpRaisesException" time="0.055898" assertions="1"/>
        <testcase classname="CheckedFieldTest" name="testDefaultValue" time="0.016653" assertions="2"/>
        <testcase classname="CheckedFieldTest" name="testIsValid" time="0.017821" assertions="2"/>
        <testcase classname="CheckedFieldTest" name="testBlankAllowsNullOrEmptyStringValue" time="0.022956"
                  assertions="5"/>
        <testcase classname="CheckedFieldTest" name="testNonBlankDoesNotAllowBlankValue" time="0.016232"
                  assertions="1"/>
        <testcase classname="CheckedFieldTest" name="testNumericValueIsValid" time="0.017847" assertions="2"/>
        <testcase classname="CheckedFieldTest" name="testToStringReturnsValue" time="0.015445" assertions="1"/>
    </testsuite>
    <testsuite name="UrlRouterTest" tests="5" failures="0" errors="0" skipped="" time="0.182027" timestamp="">
        <testcase classname="UrlRouterTest" name="testMatches" time="0.045129" assertions="10"/>
        <testcase classname="UrlRouterTest" name="testRequest200" time="0.058587" assertions="6"/>
        <testcase classname="UrlRouterTest" name="testRequest303" time="0.022488" assertions="1"/>
        <testcase classname="UrlRouterTest" name="testRequest404" time="0.025465" assertions="2"/>
        <testcase classname="UrlRouterTest" name="testReverse" time="0.030358" assertions="5"/>
    </testsuite>
    <testsuite name="CartTest" tests="18" failures="0" errors="0" skipped="" time="1.580369" timestamp="">
        <testcase classname="CartTest" name="testIsEmpty" time="0.084199" assertions="7"/>
        <testcase classname="CartTest" name="testGetItemsCount" time="0.088089" assertions="9"/>
        <testcase classname="CartTest" name="testAddItem" time="0.089820" assertions="7"/>
        <testcase classname="CartTest" name="testRemoveItem" time="0.076205" assertions="6"/>
        <testcase classname="CartTest" name="testSetItemQuantity" time="0.081930" assertions="8"/>
        <testcase classname="CartTest" name="testGetSubTotal" time="0.081482" assertions="5"/>
        <testcase classname="CartTest" name="testGetTotalWeight" time="0.076498" assertions="5"/>
        <testcase classname="CartTest" name="testGetShippingArea" time="0.070969" assertions="5"/>
        <testcase classname="CartTest" name="testSetShippingArea" time="0.092910" assertions="6"/>
        <testcase classname="CartTest" name="testShippingCostToVariousAreas" time="0.101609" assertions="6"/>
        <testcase classname="CartTest" name="testFreeShippingToFrance" time="0.120849" assertions="8"/>
        <testcase classname="CartTest" name="testHasInsurance" time="0.072455" assertions="6"/>
        <testcase classname="CartTest" name="testEnableInsurance" time="0.068715" assertions="4"/>
        <testcase classname="CartTest" name="testGetInsuranceAmount" time="0.083461" assertions="6"/>
        <testcase classname="CartTest" name="testGetGiftCode" time="0.071068" assertions="5"/>
        <testcase classname="CartTest" name="testUseGiftCode" time="0.084831" assertions="11"/>
        <testcase classname="CartTest" name="testGetGiftReduction" time="0.075292" assertions="5"/>
        <testcase classname="CartTest" name="testGetTotal" time="0.159988" assertions="9"/>
    </testsuite>
    <testsuite name="SogenactifRequestTest" tests="5" failures="0" errors="0" skipped="" time="2.359418" timestamp="">
        <testcase classname="SogenactifRequestTest" name="testFetch" time="2.159326" assertions="8"/>
        <testcase classname="SogenactifRequestTest" name="testRequiredFields" time="0.108032" assertions="1"/>
    </testsuite>
    <testsuite name="SogenactifRequestTest::testAmountIsInSmallestUnitOfTheCurrency" tests="3" failures="0" errors="0"
               skipped="" time="0.092060" timestamp="">
        <testcase name="testAmountIsInSmallestUnitOfTheCurrency with data set #0" time="0.034627" assertions="1"/>
        <testcase name="testAmountIsInSmallestUnitOfTheCurrency with data set #1" time="0.028589" assertions="1"/>
        <testcase name="testAmountIsInSmallestUnitOfTheCurrency with data set #2" time="0.028844" assertions="1"/>
    </testsuite>
    <testsuite name="MoneyTest" tests="12" failures="0" errors="0" skipped="" time="0.332242" timestamp="">
        <testcase classname="MoneyTest" name="testConstructorIntAmountInSmallestCurrencyUnit" time="0.033242"
                  assertions="5"/>
        <testcase classname="MoneyTest" name="testConstructorRoundingFloatAmount" time="0.058315" assertions="6"/>
        <testcase classname="MoneyTest" name="testConstructorSmartStringAmountInput" time="0.057520" assertions="10"/>
        <testcase classname="MoneyTest" name="test__get" time="0.018547" assertions="1"/>
        <testcase classname="MoneyTest" name="test__set" time="0.018662" assertions="1"/>
        <testcase classname="MoneyTest" name="testGetAmountString" time="0.017507" assertions="1"/>
        <testcase classname="MoneyTest" name="testGetAmountInSmallestCurrencyUnit" time="0.019917" assertions="2"/>
        <testcase classname="MoneyTest" name="testAdd" time="0.024406" assertions="3"/>
        <testcase classname="MoneyTest" name="testMultiply" time="0.019126" assertions="1"/>
        <testcase classname="MoneyTest" name="testConvertTo" time="0.021736" assertions="2"/>
        <testcase classname="MoneyTest" name="test__toString" time="0.025761" assertions="3"/>
        <testcase classname="MoneyTest" name="testToHtml" time="0.017503" assertions="1"/>
    </testsuite>
    <testsuite name="ItemCategoryTest" tests="1" failures="0" errors="0" skipped="" time="0.113725" timestamp="">
        <testcase classname="ItemCategoryTest" name="testIterateThroughValidItemsOnly" time="0.113725" assertions="4"/>
    </testsuite>
    <testsuite name="PaymentFormTest" tests="17" failures="0" errors="0" skipped="" time="3.703991" timestamp="">
        <testcase classname="PaymentFormTest" name="testMinimalValidForm" time="0.096977" assertions="2"/>
        <testcase classname="PaymentFormTest" name="testNonPostedFormHasNoError" time="0.097768" assertions="2"/>
        <testcase classname="PaymentFormTest" name="testAmountIsRequired" time="0.148348" assertions="1"/>
        <testcase classname="PaymentFormTest" name="testValidFormGeneratePayPalArray" time="0.089645" assertions="3"/>
        <testcase classname="PaymentFormTest" name="testValidFormGeneratSogenactifForm" time="1.462367" assertions="4"/>
    </testsuite>
    <testsuite name="PaymentFormTest::testTinyAndLargeAmountsAreInvalid" tests="12" failures="0" errors="0" skipped=""
               time="1.808887" timestamp="">
        <testcase name="testTinyAndLargeAmountsAreInvalid with data set #0" time="0.149337" assertions="1"/>
        <testcase name="testTinyAndLargeAmountsAreInvalid with data set #1" time="0.150180" assertions="1"/>
        <testcase name="testTinyAndLargeAmountsAreInvalid with data set #2" time="0.149618" assertions="1"/>
        <testcase name="testTinyAndLargeAmountsAreInvalid with data set #3" time="0.148940" assertions="1"/>
        <testcase name="testTinyAndLargeAmountsAreInvalid with data set #4" time="0.148503" assertions="1"/>
        <testcase name="testTinyAndLargeAmountsAreInvalid with data set #5" time="0.150423" assertions="1"/>
        <testcase name="testTinyAndLargeAmountsAreInvalid with data set #6" time="0.149443" assertions="1"/>
        <testcase name="testTinyAndLargeAmountsAreInvalid with data set #7" time="0.149222" assertions="1"/>
        <testcase name="testTinyAndLargeAmountsAreInvalid with data set #8" time="0.149207" assertions="1"/>
        <testcase name="testTinyAndLargeAmountsAreInvalid with data set #9" time="0.164674" assertions="1"/>
        <testcase name="testTinyAndLargeAmountsAreInvalid with data set #10" time="0.149853" assertions="1"/>
        <testcase name="testTinyAndLargeAmountsAreInvalid with data set #11" time="0.149486" assertions="1"/>
    </testsuite>
    <testsuite name="ItemTest" tests="2" failures="0" errors="0" skipped="" time="0.096552" timestamp="">
        <testcase classname="ItemTest" name="testUrlSlugifiesTheTitle" time="0.065689" assertions="4"/>
        <testcase classname="ItemTest" name="testIsOutOfStock" time="0.030863" assertions="3"/>
    </testsuite>
    <testsuite name="DocumentTest" tests="1" failures="0" errors="0" skipped="" time="17.321052" timestamp="">
        <testcase classname="DocumentTest" name="testFetch" time="17.321052" assertions="1"/>
    </testsuite>
    <testsuite name="CategoryDocumentTest" tests="1" failures="0" errors="0" skipped="" time="33.602269" timestamp="">
        <testcase classname="CategoryDocumentTest" name="testFetch" time="33.602269" assertions="2"/>
    </testsuite>
    <testsuite name="PayPalPaymentTest" tests="4" failures="0" errors="0" skipped="" time="0.107214" timestamp="">
        <testcase classname="PayPalPaymentTest" name="testValidateNvpFields" time="0.057228" assertions="5"/>
        <testcase classname="PayPalPaymentTest" name="testGetExpressCheckoutDetails" time="0.015959" assertions="1"/>
        <testcase classname="PayPalPaymentTest" name="testDoExpressCheckoutPayment" time="0.016120" assertions="1"/>
        <testcase classname="PayPalPaymentTest" name="testGetLastPaymentDetails" time="0.017907" assertions="1"/>
    </testsuite>
</testsuites>