<TestResult>
    <TestSuite name="MyTest" result="passed" assertions_passed="3" assertions_failed="0" expected_failures="0"
               test_cases_passed="1" test_cases_failed="0" test_cases_skipped="0" test_cases_aborted="0">
        <TestCase name="MyTestCase" result="passed" assertions_passed="3" assertions_failed="0" expected_failures="0">
        </TestCase>
    </TestSuite>
</TestResult>

