<?xml version="1.0" encoding="UTF-8"?>
<testsuite name="hello" time="0" tests="" failures="0">
    <properties>
        <property name="Unverified Outcomes" value="3"/>
        <property name="Unit Testing Problems" value="0"/>
    </properties>
</testsuite>