<?xml version="1.0" encoding="utf-8"?>
<testsuite tests="4" errors="0" failures="0" name="MergedTestSuite" skipped="0">
   <testcase classname="ModuleInfoTest.DLLInfoTest.source/TS_DeploymentTest"
             name="VersionInfoTest"
             time="7.375">
      <system-out>&#xD;[Info] - check boost::ifind_first(strProcessPath, L"ReleaseU") || boost::ifind_first(strProcessPath, L"DebugU") passed&#xD; == [File] - source/TS_DeploymentTest.cpp&#xD; == [Line] - 366&#xD;&#xD;[Info] - check binaryFullList.size() &gt; 0 passed&#xD; == [File] - source/TS_DeploymentTest.cpp&#xD; == [Line] - 375&#xD;&#xD;[Info] - check GetLastError()==0 passed&#xD; == [File] - source/TS_DeploymentTest.cpp&#xD; == [Line] - 331&#xD;&#xD;[Info] - check hFile!=((HANDLE)(LONG_PTR)-1) passed&#xD; == [File] - source/TS_DeploymentTest.cpp&#xD; == [Line] - 332&#xD;&#xD;[Info] - check GetFileTime(hFile, &amp;ftCreate, &amp;ftLastAccess, &amp;ftLastWrite) passed&#xD; == [File] - source/TS_DeploymentTest.cpp&#xD; == [Line] - 335&#xD;&#xD;[Info] - check creationTime.dwHighDateTime &gt; 0 &amp;&amp; creationTime.dwLowDateTime &gt; 0 passed&#xD; == [File] - source/TS_DeploymentTest.cpp&#xD; == [Line] - 338&#xD;</system-out>
   </testcase>
   <testcase classname="ModuleInfoTest.DLLInfoTest.source/TS_DeploymentTest"
             name="CompanyNameTest"
             time="1.547">
      <system-out>&#xD;[Info] - check boost::ifind_first(strProcessPath, L"ReleaseU") || boost::ifind_first(strProcessPath, L"DebugU") passed&#xD; == [File] - source/TS_DeploymentTest.cpp&#xD; == [Line] - 366&#xD;&#xD;[Info] - check binaryFullList.size() &gt; 0 passed&#xD; == [File] - source/TS_DeploymentTest.cpp&#xD; == [Line] - 375&#xD;&#xD;[Info] - check GetLastError()==0 passed&#xD; == [File] - source/TS_DeploymentTest.cpp&#xD; == [Line] - 331&#xD;&#xD;[Info] - check hFile!=((HANDLE)(LONG_PTR)-1) passed&#xD; == [File] - source/TS_DeploymentTest.cpp&#xD; == [Line] - 332&#xD;&#xD;[Info] - check GetFileTime(hFile, &amp;ftCreate, &amp;ftLastAccess, &amp;ftLastWrite) passed&#xD; == [File] - source/TS_DeploymentTest.cpp&#xD; == [Line] - 335&#xD;&#xD;[Info] - check creationTime.dwHighDateTime &gt; 0 &amp;&amp; creationTime.dwLowDateTime &gt; 0 passed&#xD; == [File] - source/TS_DeploymentTest.cpp&#xD; == [Line] - 338&#xD;</system-out>
   </testcase>
   <testcase classname="ModuleInfoTest.DLLInfoTest.source/TS_DeploymentTest"
             name="CopyrightTest"
             time="1.375">
      <system-out>&#xD;[Info] - check boost::ifind_first(strProcessPath, L"ReleaseU") || boost::ifind_first(strProcessPath, L"DebugU") passed&#xD; == [File] - source/TS_DeploymentTest.cpp&#xD; == [Line] - 366&#xD;&#xD;[Info] - check binaryFullList.size() &gt; 0 passed&#xD; == [File] - source/TS_DeploymentTest.cpp&#xD; == [Line] - 375&#xD;&#xD;[Info] - check GetLastError()==0 passed&#xD; == [File] - source/TS_DeploymentTest.cpp&#xD; == [Line] - 331&#xD;&#xD;[Info] - check hFile!=((HANDLE)(LONG_PTR)-1) passed&#xD; == [File] - source/TS_DeploymentTest.cpp&#xD; == [Line] - 332&#xD;&#xD;[Info] - check GetFileTime(hFile, &amp;ftCreate, &amp;ftLastAccess, &amp;ftLastWrite) passed&#xD; == [File] - source/TS_DeploymentTest.cpp&#xD; == [Line] - 335&#xD;&#xD;[Info] - check creationTime.dwHighDateTime &gt; 0 &amp;&amp; creationTime.dwLowDateTime &gt; 0 passed&#xD; == [File] - source/TS_DeploymentTest.cpp&#xD; == [Line] - 338&#xD;</system-out>
   </testcase>
   <testcase classname="ModuleInfoTest.DLLInfoTest.source/TS_DeploymentTest" name="DateTest"
             time="0.078">
      <system-out>&#xD;[Info] - check boost::ifind_first(strProcessPath, L"ReleaseU") || boost::ifind_first(strProcessPath, L"DebugU") passed&#xD; == [File] - source/TS_DeploymentTest.cpp&#xD; == [Line] - 366&#xD;&#xD;[Info] - check binaryFullList.size() &gt; 0 passed&#xD; == [File] - source/TS_DeploymentTest.cpp&#xD; == [Line] - 375&#xD;&#xD;[Info] - check GetLastError()==0 passed&#xD; == [File] - source/TS_DeploymentTest.cpp&#xD; == [Line] - 331&#xD;&#xD;[Info] - check hFile!=((HANDLE)(LONG_PTR)-1) passed&#xD; == [File] - source/TS_DeploymentTest.cpp&#xD; == [Line] - 332&#xD;&#xD;[Info] - check GetFileTime(hFile, &amp;ftCreate, &amp;ftLastAccess, &amp;ftLastWrite) passed&#xD; == [File] - source/TS_DeploymentTest.cpp&#xD; == [Line] - 335&#xD;&#xD;[Info] - check creationTime.dwHighDateTime &gt; 0 &amp;&amp; creationTime.dwLowDateTime &gt; 0 passed&#xD; == [File] - source/TS_DeploymentTest.cpp&#xD; == [Line] - 338&#xD;&#xD;[Info] - check boost::ifind_first(strProcessPath, L"ReleaseU") || boost::ifind_first(strProcessPath, L"DebugU") passed&#xD; == [File] - source/TS_DeploymentTest.cpp&#xD; == [Line] - 366&#xD;&#xD;[Info] - check binaryFullList.size() &gt; 0 passed&#xD; == [File] - source/TS_DeploymentTest.cpp&#xD; == [Line] - 375&#xD;</system-out>
   </testcase>
</testsuite>