<?xml version="1.0" encoding="UTF-8"?>
<testsuites xmlns:a="http://microsoft.com/schemas/VisualStudio/TeamTest/2006">
    <testsuite name="MSTestSuite" tests="2" time="0" failures="1" errors="0" skipped="0">
        <testcase classname="GoodGuyTest.GoodGuyTest" name="TestYell" time="0.0437026">
            <failure>
                MESSAGE:
                Assert.AreEqual failed. Expected:&lt;lala!&gt;. Actual:&lt;Lele!!&gt;.
                +++++++++++++++++++
                STACK TRACE:
                at GoodGuyTest.GoodGuyTest.TestYell() in C:\PostIt\MultipleTests\GoodGuyTest\GoodGuyTest.cs:line 16
            </failure>
        </testcase>
        <testcase classname="ProjectNumberOneTest.BoringGuyTest" name="TestYell" time="0.0230074"/>
    </testsuite>
</testsuites>
