<?xml version="1.0" encoding="UTF-8"?>
<testsuites>
    <testsuite name="SampleTest" tests="2" failures="0" errors="0" skipped="2"
               time="0.001725"
               timestamp="">
        <testcase classname="SampleTest" name="testSkippingTest" time="0.001648"
                  assertions="0"/>
        <testcase classname="SampleTest" name="testSkippingTestWithReason" time="0.000077"
                  assertions="0"/>
    </testsuite>
</testsuites>
