<?xml version="1.0"?>
<unittest-results tests="3" failedtests="1"
                  failures="1" time="12">
    <test suite="SuiteOne" name="TestOne" time="1"/>
    <test suite="SuiteOne" name="TestTwo" time="5">
        <failure message="utpp.cpp(14) : false"/>
    </test>
    <test suite="SuiteTwo" name="TestOne" time="6"/>
</unittest-results>