<?xml version="1.0" encoding="UTF-8"?>
<testsuites>
  <testsuite name="SampleTest" file="/tmp/sample/test.php" tests="2" assertions="0" errors="0" failures="0" skipped="2" time="0.001106">
    <testcase name="testSkippingTest" class="SampleTest" file="/tmp/sample/test.php" line="7" assertions="0" time="0.000948">
      <skipped/>
    </testcase>
    <testcase name="testSkippingTestWithReason" class="SampleTest" file="/tmp/sample/test.php" line="12" assertions="0" time="0.000158">
      <skipped/>
    </testcase>
  </testsuite>
</testsuites>
