<testsuites>
    <testsuite name="src/tests/unit" tests="1" assertions="2" failures="0" errors="0"
               time="0.032417">
        <testsuite name="DbTest" file="src/tests/unit/DbTest.php" tests="1" assertions="2" failures="0"
                   errors="0" time="0.032417">
            <testcase name="testConnection" class="DbTest" file="src/tests/unit/DbTest.php" line="4"
                      assertions="2" time="0.032417"/>
        </testsuite>
    </testsuite>
</testsuites>