<?xml version="1.0" encoding="UTF-8"?>
<testsuites>
    <testsuite name="Object_FreezerTest" tests="28" failures="0" errors="0" skipped="" time="0.259860" timestamp="">
        <testcase classname="Object_FreezerTest" name="testFreezingAnObjectWorks" time="0.022366" assertions="2"/>
        <testcase classname="Object_FreezerTest" name="testFreezingAnObjectOfAnExtendedClassWorks" time="0.004925"
                  assertions="2"/>
        <testcase classname="Object_FreezerTest" name="testFreezingAnObjectThatAggregatesAResourceWorks" time="0.004488"
                  assertions="2"/>
        <testcase classname="Object_FreezerTest" name="testFreezingAnObjectThatAggregatesOtherObjectsWorks"
                  time="0.007780" assertions="2"/>
        <testcase classname="Object_FreezerTest" name="testFreezingAnObjectThatAggregatesOtherObjectsInAnArrayWorks"
                  time="0.006247" assertions="2"/>
        <testcase classname="Object_FreezerTest"
                  name="testFreezingAnObjectThatAggregatesOtherObjectsInANestedArrayWorks" time="0.006312"
                  assertions="2"/>
        <testcase classname="Object_FreezerTest" name="testFreezingAnObjectGraphThatContainsCyclesWorks" time="0.009836"
                  assertions="2"/>
        <testcase classname="Object_FreezerTest" name="testFreezingAnObjectGraphThatContainsCyclesWorks2"
                  time="0.009758" assertions="2"/>
        <testcase classname="Object_FreezerTest" name="testFreezingAndThawingAnObjectWorks" time="0.005602"
                  assertions="2"/>
        <testcase classname="Object_FreezerTest" name="testRepeatedlyFreezingAndThawingAnObjectWorks" time="0.007014"
                  assertions="2"/>
        <testcase classname="Object_FreezerTest" name="testFreezingAndThawingAnObjectOfAnExtendedClassWorks"
                  time="0.006125" assertions="2"/>
        <testcase classname="Object_FreezerTest" name="testFreezingAndThawingAnObjectThatAggregatesOtherObjectsWorks"
                  time="0.010203" assertions="2"/>
        <testcase classname="Object_FreezerTest"
                  name="testRepeatedlyFreezingAndThawingAnObjectThatAggregatesOtherObjectsWorks" time="0.013952"
                  assertions="2"/>
        <testcase classname="Object_FreezerTest"
                  name="testFreezingAndThawingAnObjectThatAggregatesOtherObjectsInAnArrayWorks" time="0.008167"
                  assertions="2"/>
        <testcase classname="Object_FreezerTest"
                  name="testFreezingAndThawingAnObjectThatAggregatesOtherObjectsInANestedArrayWorks" time="0.008490"
                  assertions="2"/>
        <testcase classname="Object_FreezerTest" name="testFreezingAndThawingAnObjectGraphThatContainsCyclesWorks"
                  time="0.062774" assertions="2"/>
        <testcase classname="Object_FreezerTest" name="testFreezingAndThawingAnObjectGraphThatContainsCyclesWorks2"
                  time="0.027439" assertions="2"/>
        <testcase classname="Object_FreezerTest" name="testConstructorIsNotCalledWhenAnObjectIsThawed" time="0.004718"
                  assertions="2"/>
        <testcase classname="Object_FreezerTest"
                  name="testExceptionIsThrownIfNotAnObjectIsPassedAsFirstArgumentToFreeze" time="0.002685"
                  assertions="2"/>
        <testcase classname="Object_FreezerTest" name="testExceptionIsThrownWhenClassCouldNotBeFound" time="0.002640"
                  assertions="2"/>
        <testcase classname="Object_FreezerTest" name="testConstructorWithDefaultArguments" time="0.005946"
                  assertions="5"/>
        <testcase classname="Object_FreezerTest" name="testExceptionIsRaisedForInvalidConstructorArguments"
                  time="0.002962" assertions="2"/>
        <testcase classname="Object_FreezerTest" name="testNonDirtyObjectIsRecognizedAsNotBeingDirty" time="0.003684"
                  assertions="2"/>
        <testcase classname="Object_FreezerTest" name="testDirtyObjectIsRecognizedAsBeingDirty" time="0.003252"
                  assertions="2"/>
        <testcase classname="Object_FreezerTest" name="testDirtyObjectIsRecognizedAsBeingDirty2" time="0.003204"
                  assertions="2"/>
        <testcase classname="Object_FreezerTest" name="testDirtyObjectIsRecognizedAsBeingDirty3" time="0.003947"
                  assertions="3"/>
        <testcase classname="Object_FreezerTest"
                  name="testExceptionIsThrownIfNotAnObjectIsPassedAsFirstArgumentToIsDirty" time="0.002666"
                  assertions="2"/>
        <testcase classname="Object_FreezerTest"
                  name="testExceptionIsThrownIfNotABooleanIsPassedAsSecondArgumentToIsDirty" time="0.002677"
                  assertions="2"/>
    </testsuite>
    <testsuite name="Object_Freezer_Storage_CouchDB_WithLazyLoadTest" tests="12" failures="0" errors="0" skipped=""
               time="1.822911" timestamp="">
        <testcase classname="Object_Freezer_Storage_CouchDB_WithLazyLoadTest"
                  name="testStoringAndFetchingAnObjectThatAggregatesOtherObjectsWorks" time="1.415706" assertions="2"/>
        <testcase classname="Object_Freezer_Storage_CouchDB_WithLazyLoadTest"
                  name="testStoringAndFetchingAnObjectThatAggregatesOtherObjectsWorks2" time="0.037729" assertions="2"/>
        <testcase classname="Object_Freezer_Storage_CouchDB_WithLazyLoadTest"
                  name="testStoringAndFetchingAnObjectThatAggregatesOtherObjectsWorks3" time="0.044783" assertions="2"/>
        <testcase classname="Object_Freezer_Storage_CouchDB_WithLazyLoadTest"
                  name="testStoringAndFetchingAnObjectThatAggregatesOtherObjectsWorks4" time="0.037761" assertions="2"/>
        <testcase classname="Object_Freezer_Storage_CouchDB_WithLazyLoadTest"
                  name="testStoringAndFetchingAnObjectThatAggregatesOtherObjectsInAnArrayWorks" time="0.033008"
                  assertions="2"/>
        <testcase classname="Object_Freezer_Storage_CouchDB_WithLazyLoadTest"
                  name="testStoringAndFetchingAnObjectThatAggregatesOtherObjectsInAnArrayWorks2" time="0.041370"
                  assertions="2"/>
        <testcase classname="Object_Freezer_Storage_CouchDB_WithLazyLoadTest"
                  name="testStoringAndFetchingAnObjectThatAggregatesOtherObjectsInAnArrayWorks3" time="0.036305"
                  assertions="2"/>
        <testcase classname="Object_Freezer_Storage_CouchDB_WithLazyLoadTest"
                  name="testStoringAndFetchingAnObjectThatAggregatesOtherObjectsInANestedArrayWorks" time="0.030594"
                  assertions="2"/>
        <testcase classname="Object_Freezer_Storage_CouchDB_WithLazyLoadTest"
                  name="testStoringAndFetchingAnObjectThatAggregatesOtherObjectsInANestedArrayWorks2" time="0.031673"
                  assertions="2"/>
        <testcase classname="Object_Freezer_Storage_CouchDB_WithLazyLoadTest"
                  name="testStoringAndFetchingAnObjectThatAggregatesOtherObjectsInANestedArrayWorks3" time="0.032969"
                  assertions="2"/>
        <testcase classname="Object_Freezer_Storage_CouchDB_WithLazyLoadTest"
                  name="testStoringAndFetchingAnObjectGraphThatContainsCyclesWorks" time="0.041063" assertions="4"/>
        <testcase classname="Object_Freezer_Storage_CouchDB_WithLazyLoadTest"
                  name="testStoringAndFetchingAnObjectGraphThatContainsCyclesWorks2" time="0.039950" assertions="4"/>
    </testsuite>
    <testsuite name="Object_Freezer_Storage_CouchDB_WithoutLazyLoadTest" tests="19" failures="0" errors="0" skipped=""
               time="0.635720" timestamp="">
        <testcase classname="Object_Freezer_Storage_CouchDB_WithoutLazyLoadTest" name="testStoringAnObjectWorks"
                  time="0.028318" assertions="2"/>
        <testcase classname="Object_Freezer_Storage_CouchDB_WithoutLazyLoadTest"
                  name="testStoringAnObjectThatAggregatesOtherObjectsWorks" time="0.033012" assertions="4"/>
        <testcase classname="Object_Freezer_Storage_CouchDB_WithoutLazyLoadTest"
                  name="testStoringAnObjectThatAggregatesOtherObjectsInAnArrayWorks" time="0.032954" assertions="3"/>
        <testcase classname="Object_Freezer_Storage_CouchDB_WithoutLazyLoadTest"
                  name="testStoringAnObjectThatAggregatesOtherObjectsInANestedArrayWorks" time="0.029145"
                  assertions="3"/>
        <testcase classname="Object_Freezer_Storage_CouchDB_WithoutLazyLoadTest"
                  name="testStoringAnObjectGraphThatContainsCyclesWorks" time="0.033089" assertions="4"/>
        <testcase classname="Object_Freezer_Storage_CouchDB_WithoutLazyLoadTest"
                  name="testStoringAnObjectGraphThatContainsCyclesWorks2" time="0.034249" assertions="4"/>
        <testcase classname="Object_Freezer_Storage_CouchDB_WithoutLazyLoadTest"
                  name="testStoringAndFetchingAnObjectWorks" time="0.030048" assertions="2"/>
        <testcase classname="Object_Freezer_Storage_CouchDB_WithoutLazyLoadTest"
                  name="testStoringAndFetchingAnObjectWorks2" time="0.027857" assertions="2"/>
        <testcase classname="Object_Freezer_Storage_CouchDB_WithoutLazyLoadTest"
                  name="testStoringAndFetchingAnObjectThatAggregatesOtherObjectsWorks" time="0.039175" assertions="2"/>
        <testcase classname="Object_Freezer_Storage_CouchDB_WithoutLazyLoadTest"
                  name="testStoringAndFetchingAnObjectThatAggregatesOtherObjectsInAnArrayWorks" time="0.032866"
                  assertions="2"/>
        <testcase classname="Object_Freezer_Storage_CouchDB_WithoutLazyLoadTest"
                  name="testStoringAndFetchingAnObjectThatAggregatesOtherObjectsInANestedArrayWorks" time="0.032061"
                  assertions="2"/>
        <testcase classname="Object_Freezer_Storage_CouchDB_WithoutLazyLoadTest"
                  name="testStoringAndFetchingAnObjectGraphThatContainsCyclesWorks" time="0.096908" assertions="2"/>
        <testcase classname="Object_Freezer_Storage_CouchDB_WithoutLazyLoadTest"
                  name="testStoringAndFetchingAnObjectGraphThatContainsCyclesWorks2" time="0.058626" assertions="2"/>
        <testcase classname="Object_Freezer_Storage_CouchDB_WithoutLazyLoadTest"
                  name="testExceptionIsThrownIfFirstConstructorArgumentIsNotAString" time="0.022465" assertions="2"/>
        <testcase classname="Object_Freezer_Storage_CouchDB_WithoutLazyLoadTest"
                  name="testExceptionIsThrownIfFourthConstructorArgumentIsNotABoolean" time="0.019187" assertions="2"/>
        <testcase classname="Object_Freezer_Storage_CouchDB_WithoutLazyLoadTest"
                  name="testExceptionIsThrownIfFifthConstructorArgumentIsNotAString" time="0.019346" assertions="2"/>
        <testcase classname="Object_Freezer_Storage_CouchDB_WithoutLazyLoadTest"
                  name="testExceptionIsThrownIfSixthConstructorArgumentIsNotAnInteger" time="0.022084" assertions="2"/>
        <testcase classname="Object_Freezer_Storage_CouchDB_WithoutLazyLoadTest"
                  name="testExceptionIsThrownIfObjectCouldNotBeFetched" time="0.022511" assertions="2"/>
        <testcase classname="Object_Freezer_Storage_CouchDB_WithoutLazyLoadTest"
                  name="testExceptionIsThrownIfConnectionFails" time="0.021819" assertions="2"/>
    </testsuite>
    <testsuite name="Object_Freezer_UtilTest" tests="3" failures="0" errors="0" skipped="" time="0.003899" timestamp="">
        <testcase classname="Object_Freezer_UtilTest" name="testAttributesOfAnObjectCanBeRead" time="0.001225"
                  assertions="1"/>
        <testcase classname="Object_Freezer_UtilTest" name="testAttributesOfAnObjectWithAggregatedObjectCanBeRead"
                  time="0.001835" assertions="1"/>
        <testcase classname="Object_Freezer_UtilTest" name="testExceptionIsThrownIfNotAnObjectIsPassedToReadAttributes"
                  time="0.000839" assertions="1"/>
    </testsuite>
    <testsuite name="Object_Freezer_IdGenerator_UUIDTest" tests="1" failures="0" errors="0" skipped="" time="0.002207"
               timestamp="">
        <testcase classname="Object_Freezer_IdGenerator_UUIDTest" name="testReturnValueOfUuidIsUnique" time="0.002207"
                  assertions="1"/>
    </testsuite>
    <testsuite name="Object_Freezer_HashGenerator_NonRecursiveSHA1Test" tests="9" failures="0" errors="0" skipped=""
               time="0.028807" timestamp="">
        <testcase classname="Object_Freezer_HashGenerator_NonRecursiveSHA1Test" name="testObjectCanBeHashed"
                  time="0.003033" assertions="2"/>
        <testcase classname="Object_Freezer_HashGenerator_NonRecursiveSHA1Test" name="testHashedObjectCanBeHashed"
                  time="0.003033" assertions="2"/>
        <testcase classname="Object_Freezer_HashGenerator_NonRecursiveSHA1Test"
                  name="testObjectWithAggregatedResourceCanBeHashed" time="0.002911" assertions="2"/>
        <testcase classname="Object_Freezer_HashGenerator_NonRecursiveSHA1Test"
                  name="testObjectWithAggregatedObjectCanBeHashed" time="0.003745" assertions="2"/>
        <testcase classname="Object_Freezer_HashGenerator_NonRecursiveSHA1Test"
                  name="testObjectThatAggregatesOtherObjectsInAnArrayCanBeHashed" time="0.002921" assertions="2"/>
        <testcase classname="Object_Freezer_HashGenerator_NonRecursiveSHA1Test"
                  name="testObjectThatAggregatesOtherObjectsInANestedArrayCanBeHashed" time="0.002912" assertions="2"/>
        <testcase classname="Object_Freezer_HashGenerator_NonRecursiveSHA1Test"
                  name="testObjectGraphThatContainsCyclesCanBeHashed" time="0.004593" assertions="2"/>
        <testcase classname="Object_Freezer_HashGenerator_NonRecursiveSHA1Test"
                  name="testObjectGraphThatContainsCyclesCanBeHashed2" time="0.003226" assertions="2"/>
        <testcase classname="Object_Freezer_HashGenerator_NonRecursiveSHA1Test"
                  name="testExceptionIsThrownIfNotAnObjectIsPassedToGetHash" time="0.002433" assertions="2"/>
    </testsuite>
    <testsuite name="Object_Freezer_CacheTest" tests="3" failures="0" errors="0" skipped="" time="0.002612"
               timestamp="">
        <testcase classname="Object_Freezer_CacheTest" name="testPut" time="0.000685" assertions="0"/>
        <testcase classname="Object_Freezer_CacheTest" name="testGet" time="0.001016" assertions="1"/>
        <testcase classname="Object_Freezer_CacheTest" name="testGetReturnsFalseForNotExistingId" time="0.000911"
                  assertions="1"/>
    </testsuite>
    <testsuite name="Object_Freezer_StorageTest" tests="3" failures="0" errors="0" skipped="" time="0.010853"
               timestamp="">
        <testcase classname="Object_Freezer_StorageTest" name="testConstructorWithDefaultArguments" time="0.006542"
                  assertions="3"/>
        <testcase classname="Object_Freezer_StorageTest"
                  name="testExceptionIsThrownIfNotAnObjectIsPassedAsArgumentToStore" time="0.002177" assertions="2"/>
        <testcase classname="Object_Freezer_StorageTest"
                  name="testExceptionIsThrownIfNotAStringIsPassedAsArgumentToFetch" time="0.002134" assertions="2"/>
    </testsuite>
</testsuites>
