<?xml version="1.0" encoding="UTF-8"?>
<testsuites>
    <testsuite name="CalculatorTest" tests="1" failures="0" errors="0" skipped="" time="0.001111" timestamp="">
        <testcase classname="CalculatorTest" name="testAdd" time="0.001111" assertions=""/>
    </testsuite>
</testsuites>
