<?xml version= "1.0" encoding="UTF-8"?>
<testsuites>
    <testsuite name="CalculatorTest" file="calculatortest.class.php" tests="1" failures="0" errors="0" time="0.001111">
        <testcase name="testAdd" class="CalculatorTest"
                  file="calculatortest.class.php" line="15" time="0.001111"/>
    </testsuite>
</testsuites>