<?xml version="1.0" encoding="UTF-8"?>
<testsuites>
   <testsuite name="php-src.tests.run-test" tests="1" failures="0" errors="0" skipped="0"
              time="0.1061"
              timestamp="">
      <testcase classname="php-src.tests.run-test" name="test001.phpt - EXPECT" time="0.1061"
                assertions=""/>
   </testsuite>
</testsuites>